# JRE version: OpenJDK Runtime Environment (8.0_91-b14) (build 1.8.0_91-8u91-b14-3ubuntu1~16.04.1-b14)
# Java VM: OpenJDK 64-Bit Server VM (25.91-b14 mixed mode linux-amd64 compressed oops)
Heap:
 PSYoungGen      total 23040K, used 17028K [0x00000000d6c00000, 0x00000000d8380000, 0x0000000100000000)
  eden space 22016K, 75% used [0x00000000d6c00000,0x00000000d7c293d8,0x00000000d8180000)
  from space 1024K, 46% used [0x00000000d8280000,0x00000000d82f8020,0x00000000d8380000)
  to   space 1024K, 0% used [0x00000000d8180000,0x00000000d8180000,0x00000000d8280000)
 ParOldGen       total 84992K, used 23707K [0x0000000084400000, 0x0000000089700000, 0x00000000d6c00000)
  object space 84992K, 27% used [0x0000000084400000,0x0000000085b26c30,0x0000000089700000)
 Metaspace       used 14441K, capacity 14640K, committed 14848K, reserved 1062912K
  class space    used 1471K, capacity 1536K, committed 1536K, reserved 1048576K
GC Heap History (10 events):
Event: 21098.079 GC heap before
{Heap before GC invocations=140 (full 0):
 PSYoungGen      total 23040K, used 22752K [0x00000000d6c00000, 0x00000000d8380000, 0x0000000100000000)
  eden space 22016K, 100% used [0x00000000d6c00000,0x00000000d8180000,0x00000000d8180000)
  from space 1024K, 71% used [0x00000000d8180000,0x00000000d8238000,0x00000000d8280000)
  to   space 1024K, 0% used [0x00000000d8280000,0x00000000d8280000,0x00000000d8380000)
 ParOldGen       total 84992K, used 21707K [0x0000000084400000, 0x0000000089700000, 0x00000000d6c00000)
  object space 84992K, 25% used [0x0000000084400000,0x0000000085932c20,0x0000000089700000)
 Metaspace       used 14391K, capacity 14512K, committed 14592K, reserved 1062912K
  class space    used 1468K, capacity 1536K, committed 1536K, reserved 1048576K
Event: 21098.081 GC heap after
Heap after GC invocations=140 (full 0):
 PSYoungGen      total 23040K, used 416K [0x00000000d6c00000, 0x00000000d8380000, 0x0000000100000000)
  eden space 22016K, 0% used [0x00000000d6c00000,0x00000000d6c00000,0x00000000d8180000)
  from space 1024K, 40% used [0x00000000d8280000,0x00000000d82e8000,0x00000000d8380000)
  to   space 1024K, 0% used [0x00000000d8180000,0x00000000d8180000,0x00000000d8280000)
 ParOldGen       total 84992K, used 21899K [0x0000000084400000, 0x0000000089700000, 0x00000000d6c00000)
  object space 84992K, 25% used [0x0000000084400000,0x0000000085962c20,0x0000000089700000)
 Metaspace       used 14391K, capacity 14512K, committed 14592K, reserved 1062912K
  class space    used 1468K, capacity 1536K, committed 1536K, reserved 1048576K
}
Event: 21273.257 GC heap before
{Heap before GC invocations=141 (full 0):
 PSYoungGen      total 23040K, used 22432K [0x00000000d6c00000, 0x00000000d8380000, 0x0000000100000000)
  eden space 22016K, 100% used [0x00000000d6c00000,0x00000000d8180000,0x00000000d8180000)
  from space 1024K, 40% used [0x00000000d8280000,0x00000000d82e8000,0x00000000d8380000)
  to   space 1024K, 0% used [0x00000000d8180000,0x00000000d8180000,0x00000000d8280000)
 ParOldGen       total 84992K, used 21899K [0x0000000084400000, 0x0000000089700000, 0x00000000d6c00000)
  object space 84992K, 25% used [0x0000000084400000,0x0000000085962c20,0x0000000089700000)
 Metaspace       used 14391K, capacity 14512K, committed 14592K, reserved 1062912K
  class space    used 1468K, capacity 1536K, committed 1536K, reserved 1048576K
Event: 21273.259 GC heap after
Heap after GC invocations=141 (full 0):
 PSYoungGen      total 23040K, used 416K [0x00000000d6c00000, 0x00000000d8380000, 0x0000000100000000)
  eden space 22016K, 0% used [0x00000000d6c00000,0x00000000d6c00000,0x00000000d8180000)
  from space 1024K, 40% used [0x00000000d8180000,0x00000000d81e8000,0x00000000d8280000)
  to   space 1024K, 0% used [0x00000000d8280000,0x00000000d8280000,0x00000000d8380000)
 ParOldGen       total 84992K, used 22083K [0x0000000084400000, 0x0000000089700000, 0x00000000d6c00000)
  object space 84992K, 25% used [0x0000000084400000,0x0000000085990c20,0x0000000089700000)
 Metaspace       used 14391K, capacity 14512K, committed 14592K, reserved 1062912K
  class space    used 1468K, capacity 1536K, committed 1536K, reserved 1048576K
}
Event: 21440.537 GC heap before
{Heap before GC invocations=142 (full 0):
 PSYoungGen      total 23040K, used 22432K [0x00000000d6c00000, 0x00000000d8380000, 0x0000000100000000)
  eden space 22016K, 100% used [0x00000000d6c00000,0x00000000d8180000,0x00000000d8180000)
  from space 1024K, 40% used [0x00000000d8180000,0x00000000d81e8000,0x00000000d8280000)
  to   space 1024K, 0% used [0x00000000d8280000,0x00000000d8280000,0x00000000d8380000)
 ParOldGen       total 84992K, used 22083K [0x0000000084400000, 0x0000000089700000, 0x00000000d6c00000)
  object space 84992K, 25% used [0x0000000084400000,0x0000000085990c20,0x0000000089700000)
 Metaspace       used 14391K, capacity 14512K, committed 14592K, reserved 1062912K
  class space    used 1468K, capacity 1536K, committed 1536K, reserved 1048576K
Event: 21440.540 GC heap after
Heap after GC invocations=142 (full 0):
 PSYoungGen      total 23040K, used 448K [0x00000000d6c00000, 0x00000000d8380000, 0x0000000100000000)
  eden space 22016K, 0% used [0x00000000d6c00000,0x00000000d6c00000,0x00000000d8180000)
  from space 1024K, 43% used [0x00000000d8280000,0x00000000d82f0000,0x00000000d8380000)
  to   space 1024K, 0% used [0x00000000d8180000,0x00000000d8180000,0x00000000d8280000)
 ParOldGen       total 84992K, used 22291K [0x0000000084400000, 0x0000000089700000, 0x00000000d6c00000)
  object space 84992K, 26% used [0x0000000084400000,0x00000000859c4c20,0x0000000089700000)
 Metaspace       used 14391K, capacity 14512K, committed 14592K, reserved 1062912K
  class space    used 1468K, capacity 1536K, committed 1536K, reserved 1048576K
}
Event: 21608.522 GC heap before
{Heap before GC invocations=143 (full 0):
 PSYoungGen      total 23040K, used 22464K [0x00000000d6c00000, 0x00000000d8380000, 0x0000000100000000)
  eden space 22016K, 100% used [0x00000000d6c00000,0x00000000d8180000,0x00000000d8180000)
  from space 1024K, 43% used [0x00000000d8280000,0x00000000d82f0000,0x00000000d8380000)
  to   space 1024K, 0% used [0x00000000d8180000,0x00000000d8180000,0x00000000d8280000)
 ParOldGen       total 84992K, used 22291K [0x0000000084400000, 0x0000000089700000, 0x00000000d6c00000)
  object space 84992K, 26% used [0x0000000084400000,0x00000000859c4c20,0x0000000089700000)
 Metaspace       used 14391K, capacity 14512K, committed 14592K, reserved 1062912K
  class space    used 1468K, capacity 1536K, committed 1536K, reserved 1048576K
Event: 21608.524 GC heap after
Heap after GC invocations=143 (full 0):
 PSYoungGen      total 23040K, used 480K [0x00000000d6c00000, 0x00000000d8380000, 0x0000000100000000)
  eden space 22016K, 0% used [0x00000000d6c00000,0x00000000d6c00000,0x00000000d8180000)
  from space 1024K, 46% used [0x00000000d8180000,0x00000000d81f8000,0x00000000d8280000)
  to   space 1024K, 0% used [0x00000000d8280000,0x00000000d8280000,0x00000000d8380000)
 ParOldGen       total 84992K, used 22491K [0x0000000084400000, 0x0000000089700000, 0x00000000d6c00000)
  object space 84992K, 26% used [0x0000000084400000,0x00000000859f6c20,0x0000000089700000)
 Metaspace       used 14391K, capacity 14512K, committed 14592K, reserved 1062912K
  class space    used 1468K, capacity 1536K, committed 1536K, reserved 1048576K
}
Event: 23149.809 GC heap before
{Heap before GC invocations=144 (full 0):
 PSYoungGen      total 23040K, used 22496K [0x00000000d6c00000, 0x00000000d8380000, 0x0000000100000000)
  eden space 22016K, 100% used [0x00000000d6c00000,0x00000000d8180000,0x00000000d8180000)
  from space 1024K, 46% used [0x00000000d8180000,0x00000000d81f8000,0x00000000d8280000)
  to   space 1024K, 0% used [0x00000000d8280000,0x00000000d8280000,0x00000000d8380000)
 ParOldGen       total 84992K, used 22491K [0x0000000084400000, 0x0000000089700000, 0x00000000d6c00000)
  object space 84992K, 26% used [0x0000000084400000,0x00000000859f6c20,0x0000000089700000)
 Metaspace       used 14393K, capacity 14512K, committed 14592K, reserved 1062912K
  class space    used 1468K, capacity 1536K, committed 1536K, reserved 1048576K
Event: 23149.811 GC heap after
Heap after GC invocations=144 (full 0):
 PSYoungGen      total 23040K, used 480K [0x00000000d6c00000, 0x00000000d8380000, 0x0000000100000000)
  eden space 22016K, 0% used [0x00000000d6c00000,0x00000000d6c00000,0x00000000d8180000)
  from space 1024K, 46% used [0x00000000d8280000,0x00000000d82f8020,0x00000000d8380000)
  to   space 1024K, 0% used [0x00000000d8180000,0x00000000d8180000,0x00000000d8280000)
 ParOldGen       total 84992K, used 23707K [0x0000000084400000, 0x0000000089700000, 0x00000000d6c00000)
  object space 84992K, 27% used [0x0000000084400000,0x0000000085b26c30,0x0000000089700000)
 Metaspace       used 14393K, capacity 14512K, committed 14592K, reserved 1062912K
  class space    used 1468K, capacity 1536K, committed 1536K, reserved 1048576K
}

